GROUP,PACKAGE,CLASS,INSTRUCTION_MISSED,INSTRUCTION_COVERED,BRANCH_MISSED,BRANCH_COVERED,LINE_MISSED,LINE_COVERED,COMPLEXITY_MISSED,COMPLEXITY_COVERED,METHOD_MISSED,METHOD_COVERED
parking-system,com.parkit.parkingsystem.service,ParkingService,20,259,6,11,7,69,6,10,0,7
parking-system,com.parkit.parkingsystem.service,FareCalculatorService,5,92,2,9,1,19,2,6,0,2
parking-system,com.parkit.parkingsystem.model,ParkingSpot,37,25,8,0,9,10,8,5,4,5
parking-system,com.parkit.parkingsystem.model,Ticket,7,38,0,0,3,16,2,11,2,11
parking-system,com.parkit.parkingsystem.util,InputReaderUtil,45,9,4,0,15,2,5,1,3,1
